[2018-11-07 16:53:12 INFO ] [background-preinit] (org.hibernate.validator.internal.util.Version:21) - HV000001: Hibernate Validator 6.0.13.Final
[2018-11-07 16:53:12 INFO ] [restartedMain] (com.carl.study.springboot.application.App:50) - Starting App on E4LTODNHDXCMBI4 with PID 6072 (D:\develop\workspace-quote\study-springboot\target\classes started by Administrator in D:\develop\workspace-quote\study-springboot)
[2018-11-07 16:53:12 INFO ] [restartedMain] (com.carl.study.springboot.application.App:675) - No active profile set, falling back to default profiles: default
[2018-11-07 16:53:13 INFO ] [restartedMain] (org.springframework.boot.devtools.env.DevToolsPropertyDefaultsPostProcessor:227) - Devtools property defaults active! Set 'spring.devtools.add-properties' to 'false' to disable
[2018-11-07 16:53:13 INFO ] [restartedMain] (org.springframework.boot.devtools.env.DevToolsPropertyDefaultsPostProcessor:227) - For additional web related logging consider setting the 'logging.level.web' property to 'DEBUG'
[2018-11-07 16:53:15 INFO ] [restartedMain] (org.springframework.context.support.PostProcessorRegistrationDelegate$BeanPostProcessorChecker:330) - Bean 'org.springframework.transaction.annotation.ProxyTransactionManagementConfiguration' of type [org.springframework.transaction.annotation.ProxyTransactionManagementConfiguration$$EnhancerBySpringCGLIB$$94196a2c] is not eligible for getting processed by all BeanPostProcessors (for example: not eligible for auto-proxying)
[2018-11-07 16:53:17 INFO ] [restartedMain] (org.springframework.boot.web.embedded.tomcat.TomcatWebServer:90) - Tomcat initialized with port(s): 1234 (http)
[2018-11-07 16:53:17 INFO ] [restartedMain] (org.springframework.web.context.ContextLoader:285) - Root WebApplicationContext: initialization completed in 4525 ms
[2018-11-07 16:53:17 INFO ] [restartedMain] (com.alibaba.druid.spring.boot.autoconfigure.DruidDataSourceAutoConfigure:56) - Init DruidDataSource
[2018-11-07 16:53:18 WARN ] [restartedMain] (com.alibaba.druid.pool.DruidAbstractDataSource:1176) - oracle.jdbc.driver.OracleDriver is deprecated.Having use oracle.jdbc.OracleDriver.
[2018-11-07 16:53:18 INFO ] [restartedMain] (com.alibaba.druid.pool.DruidDataSource:930) - {dataSource-1} inited
[2018-11-07 16:53:18 INFO ] [restartedMain] (org.springframework.boot.web.servlet.FilterRegistrationBean:248) - Mapping filter: 'characterEncodingFilter' to: [/*]
[2018-11-07 16:53:18 INFO ] [restartedMain] (org.springframework.boot.web.servlet.FilterRegistrationBean:248) - Mapping filter: 'webMvcMetricsFilter' to: [/*]
[2018-11-07 16:53:18 INFO ] [restartedMain] (org.springframework.boot.web.servlet.FilterRegistrationBean:248) - Mapping filter: 'hiddenHttpMethodFilter' to: [/*]
[2018-11-07 16:53:18 INFO ] [restartedMain] (org.springframework.boot.web.servlet.FilterRegistrationBean:248) - Mapping filter: 'formContentFilter' to: [/*]
[2018-11-07 16:53:18 INFO ] [restartedMain] (org.springframework.boot.web.servlet.FilterRegistrationBean:248) - Mapping filter: 'requestContextFilter' to: [/*]
[2018-11-07 16:53:18 INFO ] [restartedMain] (org.springframework.boot.web.servlet.FilterRegistrationBean:248) - Mapping filter: 'httpTraceFilter' to: [/*]
[2018-11-07 16:53:18 INFO ] [restartedMain] (org.springframework.boot.web.servlet.FilterRegistrationBean:261) - Mapping filter: 'webStatFilter' to urls: [/*]
[2018-11-07 16:53:18 INFO ] [restartedMain] (org.springframework.boot.web.servlet.ServletRegistrationBean:186) - Servlet dispatcherServlet mapped to [/]
[2018-11-07 16:53:18 INFO ] [restartedMain] (org.springframework.boot.web.servlet.ServletRegistrationBean:186) - Servlet statViewServlet mapped to [/druid/*]
[2018-11-07 16:53:19 INFO ] [restartedMain] (org.springframework.scheduling.concurrent.ThreadPoolTaskExecutor:171) - Initializing ExecutorService 'applicationTaskExecutor'
[2018-11-07 16:53:20 INFO ] [restartedMain] (org.springframework.boot.devtools.autoconfigure.OptionalLiveReloadServer:57) - LiveReload server is running on port 35729
[2018-11-07 16:53:20 INFO ] [restartedMain] (org.springframework.boot.actuate.endpoint.web.EndpointLinksResolver:59) - Exposing 2 endpoint(s) beneath base path '/actuator'
[2018-11-07 16:53:20 INFO ] [restartedMain] (org.springframework.boot.web.embedded.tomcat.TomcatWebServer:204) - Tomcat started on port(s): 1234 (http) with context path ''
[2018-11-07 16:53:20 INFO ] [restartedMain] (com.carl.study.springboot.application.App:59) - Started App in 7.769 seconds (JVM running for 8.701)
[2018-11-07 16:53:20 INFO ] [restartedMain] (com.carl.study.springboot.application.App:23) - app is running...
